<?xml version="1.0" encoding="UTF-8"?>
<testng-results ignored="0" total="1" passed="1" failed="0" skipped="0">
  <reporter-output>
  </reporter-output>
  <suite started-at="2024-03-28T06:39:14Z" name="Default suite" finished-at="2024-03-28T06:40:10Z" duration-ms="55265">
    <groups>
    </groups>
    <test started-at="2024-03-28T06:39:14Z" name="Default test" finished-at="2024-03-28T06:40:10Z" duration-ms="55265">
      <class name="PracticeTests.CalendarTest">
        <test-method is-config="true" signature="setUp()[pri:0, instance:PracticeTests.CalendarTest@106cc338]" started-at="2024-03-28T12:09:14Z" name="setUp" finished-at="2024-03-28T12:09:16Z" duration-ms="1495" status="PASS">
          <reporter-output>
          </reporter-output>
        </test-method> <!-- setUp -->
        <test-method signature="calendarTest()[pri:0, instance:PracticeTests.CalendarTest@106cc338]" started-at="2024-03-28T12:09:16Z" name="calendarTest" finished-at="2024-03-28T12:10:09Z" duration-ms="53571" status="PASS">
          <reporter-output>
          </reporter-output>
        </test-method> <!-- calendarTest -->
        <test-method is-config="true" signature="tearDown()[pri:0, instance:PracticeTests.CalendarTest@106cc338]" started-at="2024-03-28T12:10:09Z" name="tearDown" finished-at="2024-03-28T12:10:10Z" duration-ms="186" status="PASS">
          <reporter-output>
          </reporter-output>
        </test-method> <!-- tearDown -->
      </class> <!-- PracticeTests.CalendarTest -->
    </test> <!-- Default test -->
  </suite> <!-- Default suite -->
</testng-results>
